<?xml version="1.0" encoding="UTF-8"?>
<testsuite xmlns:xsi="http://www.w3.org/2001/XMLSchema-instance" xsi:noNamespaceSchemaLocation="https://maven.apache.org/surefire/maven-surefire-plugin/xsd/surefire-test-report-3.0.xsd" version="3.0" name="pl.leroymerlin.ordersystem.web.OrderControllerTest" time="2.966" tests="2" errors="0" skipped="0" failures="0">
  <properties>
    <property name="java.specification.version" value="23"/>
    <property name="sun.jnu.encoding" value="UTF-8"/>
    <property name="java.class.path" value="/private/var/www/SkoT/java/ordersystem/target/test-classes:/private/var/www/SkoT/java/ordersystem/target/classes:/Users/gskotniczny/.m2/repository/org/springframework/boot/spring-boot-starter-web/3.2.6/spring-boot-starter-web-3.2.6.jar:/Users/gskotniczny/.m2/repository/org/springframework/boot/spring-boot-starter/3.2.6/spring-boot-starter-3.2.6.jar:/Users/gskotniczny/.m2/repository/org/springframework/boot/spring-boot/3.2.6/spring-boot-3.2.6.jar:/Users/gskotniczny/.m2/repository/org/springframework/boot/spring-boot-autoconfigure/3.2.6/spring-boot-autoconfigure-3.2.6.jar:/Users/gskotniczny/.m2/repository/org/springframework/boot/spring-boot-starter-logging/3.2.6/spring-boot-starter-logging-3.2.6.jar:/Users/gskotniczny/.m2/repository/ch/qos/logback/logback-classic/1.4.14/logback-classic-1.4.14.jar:/Users/gskotniczny/.m2/repository/ch/qos/logback/logback-core/1.4.14/logback-core-1.4.14.jar:/Users/gskotniczny/.m2/repository/org/apache/logging/log4j/log4j-to-slf4j/2.21.1/log4j-to-slf4j-2.21.1.jar:/Users/gskotniczny/.m2/repository/org/apache/logging/log4j/log4j-api/2.21.1/log4j-api-2.21.1.jar:/Users/gskotniczny/.m2/repository/org/slf4j/jul-to-slf4j/2.0.13/jul-to-slf4j-2.0.13.jar:/Users/gskotniczny/.m2/repository/jakarta/annotation/jakarta.annotation-api/2.1.1/jakarta.annotation-api-2.1.1.jar:/Users/gskotniczny/.m2/repository/org/yaml/snakeyaml/2.2/snakeyaml-2.2.jar:/Users/gskotniczny/.m2/repository/org/springframework/boot/spring-boot-starter-json/3.2.6/spring-boot-starter-json-3.2.6.jar:/Users/gskotniczny/.m2/repository/com/fasterxml/jackson/core/jackson-databind/2.15.4/jackson-databind-2.15.4.jar:/Users/gskotniczny/.m2/repository/com/fasterxml/jackson/datatype/jackson-datatype-jdk8/2.15.4/jackson-datatype-jdk8-2.15.4.jar:/Users/gskotniczny/.m2/repository/com/fasterxml/jackson/datatype/jackson-datatype-jsr310/2.15.4/jackson-datatype-jsr310-2.15.4.jar:/Users/gskotniczny/.m2/repository/com/fasterxml/jackson/module/jackson-module-parameter-names/2.15.4/jackson-module-parameter-names-2.15.4.jar:/Users/gskotniczny/.m2/repository/org/springframework/boot/spring-boot-starter-tomcat/3.2.6/spring-boot-starter-tomcat-3.2.6.jar:/Users/gskotniczny/.m2/repository/org/apache/tomcat/embed/tomcat-embed-core/10.1.24/tomcat-embed-core-10.1.24.jar:/Users/gskotniczny/.m2/repository/org/apache/tomcat/embed/tomcat-embed-el/10.1.24/tomcat-embed-el-10.1.24.jar:/Users/gskotniczny/.m2/repository/org/apache/tomcat/embed/tomcat-embed-websocket/10.1.24/tomcat-embed-websocket-10.1.24.jar:/Users/gskotniczny/.m2/repository/org/springframework/spring-web/6.1.8/spring-web-6.1.8.jar:/Users/gskotniczny/.m2/repository/org/springframework/spring-beans/6.1.8/spring-beans-6.1.8.jar:/Users/gskotniczny/.m2/repository/org/springframework/spring-webmvc/6.1.8/spring-webmvc-6.1.8.jar:/Users/gskotniczny/.m2/repository/org/springframework/spring-expression/6.1.8/spring-expression-6.1.8.jar:/Users/gskotniczny/.m2/repository/org/springframework/boot/spring-boot-starter-data-jpa/3.2.6/spring-boot-starter-data-jpa-3.2.6.jar:/Users/gskotniczny/.m2/repository/org/springframework/boot/spring-boot-starter-aop/3.2.6/spring-boot-starter-aop-3.2.6.jar:/Users/gskotniczny/.m2/repository/org/aspectj/aspectjweaver/1.9.22/aspectjweaver-1.9.22.jar:/Users/gskotniczny/.m2/repository/org/springframework/boot/spring-boot-starter-jdbc/3.2.6/spring-boot-starter-jdbc-3.2.6.jar:/Users/gskotniczny/.m2/repository/com/zaxxer/HikariCP/5.0.1/HikariCP-5.0.1.jar:/Users/gskotniczny/.m2/repository/org/springframework/spring-jdbc/6.1.8/spring-jdbc-6.1.8.jar:/Users/gskotniczny/.m2/repository/org/hibernate/orm/hibernate-core/6.4.8.Final/hibernate-core-6.4.8.Final.jar:/Users/gskotniczny/.m2/repository/jakarta/transaction/jakarta.transaction-api/2.0.1/jakarta.transaction-api-2.0.1.jar:/Users/gskotniczny/.m2/repository/org/jboss/logging/jboss-logging/3.5.3.Final/jboss-logging-3.5.3.Final.jar:/Users/gskotniczny/.m2/repository/org/hibernate/common/hibernate-commons-annotations/6.0.6.Final/hibernate-commons-annotations-6.0.6.Final.jar:/Users/gskotniczny/.m2/repository/io/smallrye/jandex/3.1.2/jandex-3.1.2.jar:/Users/gskotniczny/.m2/repository/com/fasterxml/classmate/1.6.0/classmate-1.6.0.jar:/Users/gskotniczny/.m2/repository/net/bytebuddy/byte-buddy/1.14.16/byte-buddy-1.14.16.jar:/Users/gskotniczny/.m2/repository/org/glassfish/jaxb/jaxb-runtime/4.0.5/jaxb-runtime-4.0.5.jar:/Users/gskotniczny/.m2/repository/org/glassfish/jaxb/jaxb-core/4.0.5/jaxb-core-4.0.5.jar:/Users/gskotniczny/.m2/repository/org/eclipse/angus/angus-activation/2.0.2/angus-activation-2.0.2.jar:/Users/gskotniczny/.m2/repository/org/glassfish/jaxb/txw2/4.0.5/txw2-4.0.5.jar:/Users/gskotniczny/.m2/repository/com/sun/istack/istack-commons-runtime/4.1.2/istack-commons-runtime-4.1.2.jar:/Users/gskotniczny/.m2/repository/jakarta/inject/jakarta.inject-api/2.0.1/jakarta.inject-api-2.0.1.jar:/Users/gskotniczny/.m2/repository/org/antlr/antlr4-runtime/4.13.0/antlr4-runtime-4.13.0.jar:/Users/gskotniczny/.m2/repository/org/springframework/data/spring-data-jpa/3.2.6/spring-data-jpa-3.2.6.jar:/Users/gskotniczny/.m2/repository/org/springframework/data/spring-data-commons/3.2.6/spring-data-commons-3.2.6.jar:/Users/gskotniczny/.m2/repository/org/springframework/spring-orm/6.1.8/spring-orm-6.1.8.jar:/Users/gskotniczny/.m2/repository/org/slf4j/slf4j-api/2.0.13/slf4j-api-2.0.13.jar:/Users/gskotniczny/.m2/repository/org/springframework/spring-aspects/6.1.8/spring-aspects-6.1.8.jar:/Users/gskotniczny/.m2/repository/org/postgresql/postgresql/42.6.2/postgresql-42.6.2.jar:/Users/gskotniczny/.m2/repository/org/checkerframework/checker-qual/3.31.0/checker-qual-3.31.0.jar:/Users/gskotniczny/.m2/repository/org/springframework/boot/spring-boot-starter-security/3.2.6/spring-boot-starter-security-3.2.6.jar:/Users/gskotniczny/.m2/repository/org/springframework/spring-aop/6.1.8/spring-aop-6.1.8.jar:/Users/gskotniczny/.m2/repository/org/springframework/security/spring-security-config/6.2.4/spring-security-config-6.2.4.jar:/Users/gskotniczny/.m2/repository/org/springframework/security/spring-security-web/6.2.4/spring-security-web-6.2.4.jar:/Users/gskotniczny/.m2/repository/org/keycloak/keycloak-spring-boot-starter/24.0.2/keycloak-spring-boot-starter-24.0.2.jar:/Users/gskotniczny/.m2/repository/org/keycloak/keycloak-spring-boot-2-adapter/24.0.2/keycloak-spring-boot-2-adapter-24.0.2.jar:/Users/gskotniczny/.m2/repository/org/keycloak/keycloak-spring-boot-adapter-core/24.0.2/keycloak-spring-boot-adapter-core-24.0.2.jar:/Users/gskotniczny/.m2/repository/org/keycloak/keycloak-core/24.0.2/keycloak-core-24.0.2.jar:/Users/gskotniczny/.m2/repository/org/keycloak/keycloak-common/24.0.2/keycloak-common-24.0.2.jar:/Users/gskotniczny/.m2/repository/org/eclipse/microprofile/openapi/microprofile-openapi-api/3.1.1/microprofile-openapi-api-3.1.1.jar:/Users/gskotniczny/.m2/repository/org/keycloak/keycloak-authz-client/24.0.2/keycloak-authz-client-24.0.2.jar:/Users/gskotniczny/.m2/repository/org/apache/httpcomponents/httpclient/4.5.14/httpclient-4.5.14.jar:/Users/gskotniczny/.m2/repository/org/apache/httpcomponents/httpcore/4.4.16/httpcore-4.4.16.jar:/Users/gskotniczny/.m2/repository/commons-logging/commons-logging/1.2/commons-logging-1.2.jar:/Users/gskotniczny/.m2/repository/commons-codec/commons-codec/1.16.1/commons-codec-1.16.1.jar:/Users/gskotniczny/.m2/repository/org/keycloak/spring-boot-container-bundle/24.0.2/spring-boot-container-bundle-24.0.2.jar:/Users/gskotniczny/.m2/repository/org/keycloak/keycloak-adapter-core/24.0.2/keycloak-adapter-core-24.0.2.jar:/Users/gskotniczny/.m2/repository/org/keycloak/keycloak-crypto-default/24.0.2/keycloak-crypto-default-24.0.2.jar:/Users/gskotniczny/.m2/repository/org/keycloak/keycloak-server-spi/24.0.2/keycloak-server-spi-24.0.2.jar:/Users/gskotniczny/.m2/repository/org/keycloak/keycloak-server-spi-private/24.0.2/keycloak-server-spi-private-24.0.2.jar:/Users/gskotniczny/.m2/repository/org/bouncycastle/bcpkix-jdk18on/1.77/bcpkix-jdk18on-1.77.jar:/Users/gskotniczny/.m2/repository/org/bouncycastle/bcutil-jdk18on/1.77/bcutil-jdk18on-1.77.jar:/Users/gskotniczny/.m2/repository/org/keycloak/keycloak-spring-security-adapter/24.0.2/keycloak-spring-security-adapter-24.0.2.jar:/Users/gskotniczny/.m2/repository/org/keycloak/keycloak-adapter-spi/24.0.2/keycloak-adapter-spi-24.0.2.jar:/Users/gskotniczny/.m2/repository/org/keycloak/keycloak-policy-enforcer/24.0.2/keycloak-policy-enforcer-24.0.2.jar:/Users/gskotniczny/.m2/repository/org/bouncycastle/bcprov-jdk18on/1.77/bcprov-jdk18on-1.77.jar:/Users/gskotniczny/.m2/repository/com/fasterxml/jackson/core/jackson-core/2.15.4/jackson-core-2.15.4.jar:/Users/gskotniczny/.m2/repository/com/fasterxml/jackson/core/jackson-annotations/2.15.4/jackson-annotations-2.15.4.jar:/Users/gskotniczny/.m2/repository/org/springframework/kafka/spring-kafka/3.1.5/spring-kafka-3.1.5.jar:/Users/gskotniczny/.m2/repository/org/springframework/spring-context/6.1.8/spring-context-6.1.8.jar:/Users/gskotniczny/.m2/repository/org/springframework/spring-messaging/6.1.8/spring-messaging-6.1.8.jar:/Users/gskotniczny/.m2/repository/org/springframework/spring-tx/6.1.8/spring-tx-6.1.8.jar:/Users/gskotniczny/.m2/repository/org/springframework/retry/spring-retry/2.0.6/spring-retry-2.0.6.jar:/Users/gskotniczny/.m2/repository/org/apache/kafka/kafka-clients/3.6.2/kafka-clients-3.6.2.jar:/Users/gskotniczny/.m2/repository/com/github/luben/zstd-jni/1.5.5-1/zstd-jni-1.5.5-1.jar:/Users/gskotniczny/.m2/repository/org/lz4/lz4-java/1.8.0/lz4-java-1.8.0.jar:/Users/gskotniczny/.m2/repository/org/xerial/snappy/snappy-java/1.1.10.5/snappy-java-1.1.10.5.jar:/Users/gskotniczny/.m2/repository/io/micrometer/micrometer-observation/1.12.6/micrometer-observation-1.12.6.jar:/Users/gskotniczny/.m2/repository/io/micrometer/micrometer-commons/1.12.6/micrometer-commons-1.12.6.jar:/Users/gskotniczny/.m2/repository/com/google/code/findbugs/jsr305/3.0.2/jsr305-3.0.2.jar:/Users/gskotniczny/.m2/repository/org/springdoc/springdoc-openapi-starter-webmvc-ui/2.5.0/springdoc-openapi-starter-webmvc-ui-2.5.0.jar:/Users/gskotniczny/.m2/repository/org/springdoc/springdoc-openapi-starter-webmvc-api/2.5.0/springdoc-openapi-starter-webmvc-api-2.5.0.jar:/Users/gskotniczny/.m2/repository/org/springdoc/springdoc-openapi-starter-common/2.5.0/springdoc-openapi-starter-common-2.5.0.jar:/Users/gskotniczny/.m2/repository/io/swagger/core/v3/swagger-core-jakarta/2.2.21/swagger-core-jakarta-2.2.21.jar:/Users/gskotniczny/.m2/repository/org/apache/commons/commons-lang3/3.13.0/commons-lang3-3.13.0.jar:/Users/gskotniczny/.m2/repository/io/swagger/core/v3/swagger-annotations-jakarta/2.2.21/swagger-annotations-jakarta-2.2.21.jar:/Users/gskotniczny/.m2/repository/io/swagger/core/v3/swagger-models-jakarta/2.2.21/swagger-models-jakarta-2.2.21.jar:/Users/gskotniczny/.m2/repository/jakarta/validation/jakarta.validation-api/3.0.2/jakarta.validation-api-3.0.2.jar:/Users/gskotniczny/.m2/repository/com/fasterxml/jackson/dataformat/jackson-dataformat-yaml/2.15.4/jackson-dataformat-yaml-2.15.4.jar:/Users/gskotniczny/.m2/repository/org/webjars/swagger-ui/5.13.0/swagger-ui-5.13.0.jar:/Users/gskotniczny/.m2/repository/org/springframework/boot/spring-boot-starter-test/3.2.6/spring-boot-starter-test-3.2.6.jar:/Users/gskotniczny/.m2/repository/org/springframework/boot/spring-boot-test/3.2.6/spring-boot-test-3.2.6.jar:/Users/gskotniczny/.m2/repository/org/springframework/boot/spring-boot-test-autoconfigure/3.2.6/spring-boot-test-autoconfigure-3.2.6.jar:/Users/gskotniczny/.m2/repository/com/jayway/jsonpath/json-path/2.9.0/json-path-2.9.0.jar:/Users/gskotniczny/.m2/repository/jakarta/xml/bind/jakarta.xml.bind-api/4.0.2/jakarta.xml.bind-api-4.0.2.jar:/Users/gskotniczny/.m2/repository/jakarta/activation/jakarta.activation-api/2.1.3/jakarta.activation-api-2.1.3.jar:/Users/gskotniczny/.m2/repository/net/minidev/json-smart/2.5.1/json-smart-2.5.1.jar:/Users/gskotniczny/.m2/repository/net/minidev/accessors-smart/2.5.1/accessors-smart-2.5.1.jar:/Users/gskotniczny/.m2/repository/org/ow2/asm/asm/9.6/asm-9.6.jar:/Users/gskotniczny/.m2/repository/org/assertj/assertj-core/3.24.2/assertj-core-3.24.2.jar:/Users/gskotniczny/.m2/repository/org/awaitility/awaitility/4.2.1/awaitility-4.2.1.jar:/Users/gskotniczny/.m2/repository/org/hamcrest/hamcrest/2.2/hamcrest-2.2.jar:/Users/gskotniczny/.m2/repository/org/junit/jupiter/junit-jupiter/5.10.2/junit-jupiter-5.10.2.jar:/Users/gskotniczny/.m2/repository/org/junit/jupiter/junit-jupiter-api/5.10.2/junit-jupiter-api-5.10.2.jar:/Users/gskotniczny/.m2/repository/org/opentest4j/opentest4j/1.3.0/opentest4j-1.3.0.jar:/Users/gskotniczny/.m2/repository/org/junit/platform/junit-platform-commons/1.10.2/junit-platform-commons-1.10.2.jar:/Users/gskotniczny/.m2/repository/org/apiguardian/apiguardian-api/1.1.2/apiguardian-api-1.1.2.jar:/Users/gskotniczny/.m2/repository/org/junit/jupiter/junit-jupiter-params/5.10.2/junit-jupiter-params-5.10.2.jar:/Users/gskotniczny/.m2/repository/org/junit/jupiter/junit-jupiter-engine/5.10.2/junit-jupiter-engine-5.10.2.jar:/Users/gskotniczny/.m2/repository/org/junit/platform/junit-platform-engine/1.10.2/junit-platform-engine-1.10.2.jar:/Users/gskotniczny/.m2/repository/org/mockito/mockito-core/5.7.0/mockito-core-5.7.0.jar:/Users/gskotniczny/.m2/repository/net/bytebuddy/byte-buddy-agent/1.14.16/byte-buddy-agent-1.14.16.jar:/Users/gskotniczny/.m2/repository/org/objenesis/objenesis/3.3/objenesis-3.3.jar:/Users/gskotniczny/.m2/repository/org/mockito/mockito-junit-jupiter/5.7.0/mockito-junit-jupiter-5.7.0.jar:/Users/gskotniczny/.m2/repository/org/skyscreamer/jsonassert/1.5.1/jsonassert-1.5.1.jar:/Users/gskotniczny/.m2/repository/com/vaadin/external/google/android-json/0.0.20131108.vaadin1/android-json-0.0.20131108.vaadin1.jar:/Users/gskotniczny/.m2/repository/org/springframework/spring-core/6.1.8/spring-core-6.1.8.jar:/Users/gskotniczny/.m2/repository/org/springframework/spring-jcl/6.1.8/spring-jcl-6.1.8.jar:/Users/gskotniczny/.m2/repository/org/springframework/spring-test/6.1.8/spring-test-6.1.8.jar:/Users/gskotniczny/.m2/repository/org/xmlunit/xmlunit-core/2.9.1/xmlunit-core-2.9.1.jar:/Users/gskotniczny/.m2/repository/org/testcontainers/junit-jupiter/1.19.8/junit-jupiter-1.19.8.jar:/Users/gskotniczny/.m2/repository/org/testcontainers/testcontainers/1.19.8/testcontainers-1.19.8.jar:/Users/gskotniczny/.m2/repository/junit/junit/4.13.2/junit-4.13.2.jar:/Users/gskotniczny/.m2/repository/org/hamcrest/hamcrest-core/2.2/hamcrest-core-2.2.jar:/Users/gskotniczny/.m2/repository/org/apache/commons/commons-compress/1.24.0/commons-compress-1.24.0.jar:/Users/gskotniczny/.m2/repository/org/rnorth/duct-tape/duct-tape/1.0.8/duct-tape-1.0.8.jar:/Users/gskotniczny/.m2/repository/org/jetbrains/annotations/17.0.0/annotations-17.0.0.jar:/Users/gskotniczny/.m2/repository/com/github/docker-java/docker-java-api/3.3.6/docker-java-api-3.3.6.jar:/Users/gskotniczny/.m2/repository/com/github/docker-java/docker-java-transport-zerodep/3.3.6/docker-java-transport-zerodep-3.3.6.jar:/Users/gskotniczny/.m2/repository/com/github/docker-java/docker-java-transport/3.3.6/docker-java-transport-3.3.6.jar:/Users/gskotniczny/.m2/repository/net/java/dev/jna/jna/5.13.0/jna-5.13.0.jar:/Users/gskotniczny/.m2/repository/jakarta/persistence/jakarta.persistence-api/3.1.0/jakarta.persistence-api-3.1.0.jar:/Users/gskotniczny/.m2/repository/org/springframework/security/spring-security-test/6.2.4/spring-security-test-6.2.4.jar:/Users/gskotniczny/.m2/repository/org/springframework/security/spring-security-core/6.2.4/spring-security-core-6.2.4.jar:/Users/gskotniczny/.m2/repository/org/springframework/security/spring-security-crypto/6.2.4/spring-security-crypto-6.2.4.jar:"/>
    <property name="java.vm.vendor" value="Homebrew"/>
    <property name="sun.arch.data.model" value="64"/>
    <property name="java.vendor.url" value="https://github.com/Homebrew/homebrew-core/issues"/>
    <property name="user.timezone" value="Europe/Warsaw"/>
    <property name="org.jboss.logging.provider" value="slf4j"/>
    <property name="os.name" value="Mac OS X"/>
    <property name="java.vm.specification.version" value="23"/>
    <property name="sun.java.launcher" value="SUN_STANDARD"/>
    <property name="user.country" value="PL"/>
    <property name="sun.boot.library.path" value="/opt/homebrew/Cellar/openjdk/23.0.2/libexec/openjdk.jdk/Contents/Home/lib"/>
    <property name="sun.java.command" value="/private/var/www/SkoT/java/ordersystem/target/surefire/surefirebooter-20250526125753436_3.jar /private/var/www/SkoT/java/ordersystem/target/surefire 2025-05-26T12-57-53_398-jvmRun1 surefire-20250526125753436_1tmp surefire_0-20250526125753436_2tmp"/>
    <property name="http.nonProxyHosts" value="local|*.local|169.254/16|*.169.254/16"/>
    <property name="jdk.debug" value="release"/>
    <property name="test" value="pl.leroymerlin.ordersystem.web.OrderControllerTest"/>
    <property name="surefire.test.class.path" value="/private/var/www/SkoT/java/ordersystem/target/test-classes:/private/var/www/SkoT/java/ordersystem/target/classes:/Users/gskotniczny/.m2/repository/org/springframework/boot/spring-boot-starter-web/3.2.6/spring-boot-starter-web-3.2.6.jar:/Users/gskotniczny/.m2/repository/org/springframework/boot/spring-boot-starter/3.2.6/spring-boot-starter-3.2.6.jar:/Users/gskotniczny/.m2/repository/org/springframework/boot/spring-boot/3.2.6/spring-boot-3.2.6.jar:/Users/gskotniczny/.m2/repository/org/springframework/boot/spring-boot-autoconfigure/3.2.6/spring-boot-autoconfigure-3.2.6.jar:/Users/gskotniczny/.m2/repository/org/springframework/boot/spring-boot-starter-logging/3.2.6/spring-boot-starter-logging-3.2.6.jar:/Users/gskotniczny/.m2/repository/ch/qos/logback/logback-classic/1.4.14/logback-classic-1.4.14.jar:/Users/gskotniczny/.m2/repository/ch/qos/logback/logback-core/1.4.14/logback-core-1.4.14.jar:/Users/gskotniczny/.m2/repository/org/apache/logging/log4j/log4j-to-slf4j/2.21.1/log4j-to-slf4j-2.21.1.jar:/Users/gskotniczny/.m2/repository/org/apache/logging/log4j/log4j-api/2.21.1/log4j-api-2.21.1.jar:/Users/gskotniczny/.m2/repository/org/slf4j/jul-to-slf4j/2.0.13/jul-to-slf4j-2.0.13.jar:/Users/gskotniczny/.m2/repository/jakarta/annotation/jakarta.annotation-api/2.1.1/jakarta.annotation-api-2.1.1.jar:/Users/gskotniczny/.m2/repository/org/yaml/snakeyaml/2.2/snakeyaml-2.2.jar:/Users/gskotniczny/.m2/repository/org/springframework/boot/spring-boot-starter-json/3.2.6/spring-boot-starter-json-3.2.6.jar:/Users/gskotniczny/.m2/repository/com/fasterxml/jackson/core/jackson-databind/2.15.4/jackson-databind-2.15.4.jar:/Users/gskotniczny/.m2/repository/com/fasterxml/jackson/datatype/jackson-datatype-jdk8/2.15.4/jackson-datatype-jdk8-2.15.4.jar:/Users/gskotniczny/.m2/repository/com/fasterxml/jackson/datatype/jackson-datatype-jsr310/2.15.4/jackson-datatype-jsr310-2.15.4.jar:/Users/gskotniczny/.m2/repository/com/fasterxml/jackson/module/jackson-module-parameter-names/2.15.4/jackson-module-parameter-names-2.15.4.jar:/Users/gskotniczny/.m2/repository/org/springframework/boot/spring-boot-starter-tomcat/3.2.6/spring-boot-starter-tomcat-3.2.6.jar:/Users/gskotniczny/.m2/repository/org/apache/tomcat/embed/tomcat-embed-core/10.1.24/tomcat-embed-core-10.1.24.jar:/Users/gskotniczny/.m2/repository/org/apache/tomcat/embed/tomcat-embed-el/10.1.24/tomcat-embed-el-10.1.24.jar:/Users/gskotniczny/.m2/repository/org/apache/tomcat/embed/tomcat-embed-websocket/10.1.24/tomcat-embed-websocket-10.1.24.jar:/Users/gskotniczny/.m2/repository/org/springframework/spring-web/6.1.8/spring-web-6.1.8.jar:/Users/gskotniczny/.m2/repository/org/springframework/spring-beans/6.1.8/spring-beans-6.1.8.jar:/Users/gskotniczny/.m2/repository/org/springframework/spring-webmvc/6.1.8/spring-webmvc-6.1.8.jar:/Users/gskotniczny/.m2/repository/org/springframework/spring-expression/6.1.8/spring-expression-6.1.8.jar:/Users/gskotniczny/.m2/repository/org/springframework/boot/spring-boot-starter-data-jpa/3.2.6/spring-boot-starter-data-jpa-3.2.6.jar:/Users/gskotniczny/.m2/repository/org/springframework/boot/spring-boot-starter-aop/3.2.6/spring-boot-starter-aop-3.2.6.jar:/Users/gskotniczny/.m2/repository/org/aspectj/aspectjweaver/1.9.22/aspectjweaver-1.9.22.jar:/Users/gskotniczny/.m2/repository/org/springframework/boot/spring-boot-starter-jdbc/3.2.6/spring-boot-starter-jdbc-3.2.6.jar:/Users/gskotniczny/.m2/repository/com/zaxxer/HikariCP/5.0.1/HikariCP-5.0.1.jar:/Users/gskotniczny/.m2/repository/org/springframework/spring-jdbc/6.1.8/spring-jdbc-6.1.8.jar:/Users/gskotniczny/.m2/repository/org/hibernate/orm/hibernate-core/6.4.8.Final/hibernate-core-6.4.8.Final.jar:/Users/gskotniczny/.m2/repository/jakarta/transaction/jakarta.transaction-api/2.0.1/jakarta.transaction-api-2.0.1.jar:/Users/gskotniczny/.m2/repository/org/jboss/logging/jboss-logging/3.5.3.Final/jboss-logging-3.5.3.Final.jar:/Users/gskotniczny/.m2/repository/org/hibernate/common/hibernate-commons-annotations/6.0.6.Final/hibernate-commons-annotations-6.0.6.Final.jar:/Users/gskotniczny/.m2/repository/io/smallrye/jandex/3.1.2/jandex-3.1.2.jar:/Users/gskotniczny/.m2/repository/com/fasterxml/classmate/1.6.0/classmate-1.6.0.jar:/Users/gskotniczny/.m2/repository/net/bytebuddy/byte-buddy/1.14.16/byte-buddy-1.14.16.jar:/Users/gskotniczny/.m2/repository/org/glassfish/jaxb/jaxb-runtime/4.0.5/jaxb-runtime-4.0.5.jar:/Users/gskotniczny/.m2/repository/org/glassfish/jaxb/jaxb-core/4.0.5/jaxb-core-4.0.5.jar:/Users/gskotniczny/.m2/repository/org/eclipse/angus/angus-activation/2.0.2/angus-activation-2.0.2.jar:/Users/gskotniczny/.m2/repository/org/glassfish/jaxb/txw2/4.0.5/txw2-4.0.5.jar:/Users/gskotniczny/.m2/repository/com/sun/istack/istack-commons-runtime/4.1.2/istack-commons-runtime-4.1.2.jar:/Users/gskotniczny/.m2/repository/jakarta/inject/jakarta.inject-api/2.0.1/jakarta.inject-api-2.0.1.jar:/Users/gskotniczny/.m2/repository/org/antlr/antlr4-runtime/4.13.0/antlr4-runtime-4.13.0.jar:/Users/gskotniczny/.m2/repository/org/springframework/data/spring-data-jpa/3.2.6/spring-data-jpa-3.2.6.jar:/Users/gskotniczny/.m2/repository/org/springframework/data/spring-data-commons/3.2.6/spring-data-commons-3.2.6.jar:/Users/gskotniczny/.m2/repository/org/springframework/spring-orm/6.1.8/spring-orm-6.1.8.jar:/Users/gskotniczny/.m2/repository/org/slf4j/slf4j-api/2.0.13/slf4j-api-2.0.13.jar:/Users/gskotniczny/.m2/repository/org/springframework/spring-aspects/6.1.8/spring-aspects-6.1.8.jar:/Users/gskotniczny/.m2/repository/org/postgresql/postgresql/42.6.2/postgresql-42.6.2.jar:/Users/gskotniczny/.m2/repository/org/checkerframework/checker-qual/3.31.0/checker-qual-3.31.0.jar:/Users/gskotniczny/.m2/repository/org/springframework/boot/spring-boot-starter-security/3.2.6/spring-boot-starter-security-3.2.6.jar:/Users/gskotniczny/.m2/repository/org/springframework/spring-aop/6.1.8/spring-aop-6.1.8.jar:/Users/gskotniczny/.m2/repository/org/springframework/security/spring-security-config/6.2.4/spring-security-config-6.2.4.jar:/Users/gskotniczny/.m2/repository/org/springframework/security/spring-security-web/6.2.4/spring-security-web-6.2.4.jar:/Users/gskotniczny/.m2/repository/org/keycloak/keycloak-spring-boot-starter/24.0.2/keycloak-spring-boot-starter-24.0.2.jar:/Users/gskotniczny/.m2/repository/org/keycloak/keycloak-spring-boot-2-adapter/24.0.2/keycloak-spring-boot-2-adapter-24.0.2.jar:/Users/gskotniczny/.m2/repository/org/keycloak/keycloak-spring-boot-adapter-core/24.0.2/keycloak-spring-boot-adapter-core-24.0.2.jar:/Users/gskotniczny/.m2/repository/org/keycloak/keycloak-core/24.0.2/keycloak-core-24.0.2.jar:/Users/gskotniczny/.m2/repository/org/keycloak/keycloak-common/24.0.2/keycloak-common-24.0.2.jar:/Users/gskotniczny/.m2/repository/org/eclipse/microprofile/openapi/microprofile-openapi-api/3.1.1/microprofile-openapi-api-3.1.1.jar:/Users/gskotniczny/.m2/repository/org/keycloak/keycloak-authz-client/24.0.2/keycloak-authz-client-24.0.2.jar:/Users/gskotniczny/.m2/repository/org/apache/httpcomponents/httpclient/4.5.14/httpclient-4.5.14.jar:/Users/gskotniczny/.m2/repository/org/apache/httpcomponents/httpcore/4.4.16/httpcore-4.4.16.jar:/Users/gskotniczny/.m2/repository/commons-logging/commons-logging/1.2/commons-logging-1.2.jar:/Users/gskotniczny/.m2/repository/commons-codec/commons-codec/1.16.1/commons-codec-1.16.1.jar:/Users/gskotniczny/.m2/repository/org/keycloak/spring-boot-container-bundle/24.0.2/spring-boot-container-bundle-24.0.2.jar:/Users/gskotniczny/.m2/repository/org/keycloak/keycloak-adapter-core/24.0.2/keycloak-adapter-core-24.0.2.jar:/Users/gskotniczny/.m2/repository/org/keycloak/keycloak-crypto-default/24.0.2/keycloak-crypto-default-24.0.2.jar:/Users/gskotniczny/.m2/repository/org/keycloak/keycloak-server-spi/24.0.2/keycloak-server-spi-24.0.2.jar:/Users/gskotniczny/.m2/repository/org/keycloak/keycloak-server-spi-private/24.0.2/keycloak-server-spi-private-24.0.2.jar:/Users/gskotniczny/.m2/repository/org/bouncycastle/bcpkix-jdk18on/1.77/bcpkix-jdk18on-1.77.jar:/Users/gskotniczny/.m2/repository/org/bouncycastle/bcutil-jdk18on/1.77/bcutil-jdk18on-1.77.jar:/Users/gskotniczny/.m2/repository/org/keycloak/keycloak-spring-security-adapter/24.0.2/keycloak-spring-security-adapter-24.0.2.jar:/Users/gskotniczny/.m2/repository/org/keycloak/keycloak-adapter-spi/24.0.2/keycloak-adapter-spi-24.0.2.jar:/Users/gskotniczny/.m2/repository/org/keycloak/keycloak-policy-enforcer/24.0.2/keycloak-policy-enforcer-24.0.2.jar:/Users/gskotniczny/.m2/repository/org/bouncycastle/bcprov-jdk18on/1.77/bcprov-jdk18on-1.77.jar:/Users/gskotniczny/.m2/repository/com/fasterxml/jackson/core/jackson-core/2.15.4/jackson-core-2.15.4.jar:/Users/gskotniczny/.m2/repository/com/fasterxml/jackson/core/jackson-annotations/2.15.4/jackson-annotations-2.15.4.jar:/Users/gskotniczny/.m2/repository/org/springframework/kafka/spring-kafka/3.1.5/spring-kafka-3.1.5.jar:/Users/gskotniczny/.m2/repository/org/springframework/spring-context/6.1.8/spring-context-6.1.8.jar:/Users/gskotniczny/.m2/repository/org/springframework/spring-messaging/6.1.8/spring-messaging-6.1.8.jar:/Users/gskotniczny/.m2/repository/org/springframework/spring-tx/6.1.8/spring-tx-6.1.8.jar:/Users/gskotniczny/.m2/repository/org/springframework/retry/spring-retry/2.0.6/spring-retry-2.0.6.jar:/Users/gskotniczny/.m2/repository/org/apache/kafka/kafka-clients/3.6.2/kafka-clients-3.6.2.jar:/Users/gskotniczny/.m2/repository/com/github/luben/zstd-jni/1.5.5-1/zstd-jni-1.5.5-1.jar:/Users/gskotniczny/.m2/repository/org/lz4/lz4-java/1.8.0/lz4-java-1.8.0.jar:/Users/gskotniczny/.m2/repository/org/xerial/snappy/snappy-java/1.1.10.5/snappy-java-1.1.10.5.jar:/Users/gskotniczny/.m2/repository/io/micrometer/micrometer-observation/1.12.6/micrometer-observation-1.12.6.jar:/Users/gskotniczny/.m2/repository/io/micrometer/micrometer-commons/1.12.6/micrometer-commons-1.12.6.jar:/Users/gskotniczny/.m2/repository/com/google/code/findbugs/jsr305/3.0.2/jsr305-3.0.2.jar:/Users/gskotniczny/.m2/repository/org/springdoc/springdoc-openapi-starter-webmvc-ui/2.5.0/springdoc-openapi-starter-webmvc-ui-2.5.0.jar:/Users/gskotniczny/.m2/repository/org/springdoc/springdoc-openapi-starter-webmvc-api/2.5.0/springdoc-openapi-starter-webmvc-api-2.5.0.jar:/Users/gskotniczny/.m2/repository/org/springdoc/springdoc-openapi-starter-common/2.5.0/springdoc-openapi-starter-common-2.5.0.jar:/Users/gskotniczny/.m2/repository/io/swagger/core/v3/swagger-core-jakarta/2.2.21/swagger-core-jakarta-2.2.21.jar:/Users/gskotniczny/.m2/repository/org/apache/commons/commons-lang3/3.13.0/commons-lang3-3.13.0.jar:/Users/gskotniczny/.m2/repository/io/swagger/core/v3/swagger-annotations-jakarta/2.2.21/swagger-annotations-jakarta-2.2.21.jar:/Users/gskotniczny/.m2/repository/io/swagger/core/v3/swagger-models-jakarta/2.2.21/swagger-models-jakarta-2.2.21.jar:/Users/gskotniczny/.m2/repository/jakarta/validation/jakarta.validation-api/3.0.2/jakarta.validation-api-3.0.2.jar:/Users/gskotniczny/.m2/repository/com/fasterxml/jackson/dataformat/jackson-dataformat-yaml/2.15.4/jackson-dataformat-yaml-2.15.4.jar:/Users/gskotniczny/.m2/repository/org/webjars/swagger-ui/5.13.0/swagger-ui-5.13.0.jar:/Users/gskotniczny/.m2/repository/org/springframework/boot/spring-boot-starter-test/3.2.6/spring-boot-starter-test-3.2.6.jar:/Users/gskotniczny/.m2/repository/org/springframework/boot/spring-boot-test/3.2.6/spring-boot-test-3.2.6.jar:/Users/gskotniczny/.m2/repository/org/springframework/boot/spring-boot-test-autoconfigure/3.2.6/spring-boot-test-autoconfigure-3.2.6.jar:/Users/gskotniczny/.m2/repository/com/jayway/jsonpath/json-path/2.9.0/json-path-2.9.0.jar:/Users/gskotniczny/.m2/repository/jakarta/xml/bind/jakarta.xml.bind-api/4.0.2/jakarta.xml.bind-api-4.0.2.jar:/Users/gskotniczny/.m2/repository/jakarta/activation/jakarta.activation-api/2.1.3/jakarta.activation-api-2.1.3.jar:/Users/gskotniczny/.m2/repository/net/minidev/json-smart/2.5.1/json-smart-2.5.1.jar:/Users/gskotniczny/.m2/repository/net/minidev/accessors-smart/2.5.1/accessors-smart-2.5.1.jar:/Users/gskotniczny/.m2/repository/org/ow2/asm/asm/9.6/asm-9.6.jar:/Users/gskotniczny/.m2/repository/org/assertj/assertj-core/3.24.2/assertj-core-3.24.2.jar:/Users/gskotniczny/.m2/repository/org/awaitility/awaitility/4.2.1/awaitility-4.2.1.jar:/Users/gskotniczny/.m2/repository/org/hamcrest/hamcrest/2.2/hamcrest-2.2.jar:/Users/gskotniczny/.m2/repository/org/junit/jupiter/junit-jupiter/5.10.2/junit-jupiter-5.10.2.jar:/Users/gskotniczny/.m2/repository/org/junit/jupiter/junit-jupiter-api/5.10.2/junit-jupiter-api-5.10.2.jar:/Users/gskotniczny/.m2/repository/org/opentest4j/opentest4j/1.3.0/opentest4j-1.3.0.jar:/Users/gskotniczny/.m2/repository/org/junit/platform/junit-platform-commons/1.10.2/junit-platform-commons-1.10.2.jar:/Users/gskotniczny/.m2/repository/org/apiguardian/apiguardian-api/1.1.2/apiguardian-api-1.1.2.jar:/Users/gskotniczny/.m2/repository/org/junit/jupiter/junit-jupiter-params/5.10.2/junit-jupiter-params-5.10.2.jar:/Users/gskotniczny/.m2/repository/org/junit/jupiter/junit-jupiter-engine/5.10.2/junit-jupiter-engine-5.10.2.jar:/Users/gskotniczny/.m2/repository/org/junit/platform/junit-platform-engine/1.10.2/junit-platform-engine-1.10.2.jar:/Users/gskotniczny/.m2/repository/org/mockito/mockito-core/5.7.0/mockito-core-5.7.0.jar:/Users/gskotniczny/.m2/repository/net/bytebuddy/byte-buddy-agent/1.14.16/byte-buddy-agent-1.14.16.jar:/Users/gskotniczny/.m2/repository/org/objenesis/objenesis/3.3/objenesis-3.3.jar:/Users/gskotniczny/.m2/repository/org/mockito/mockito-junit-jupiter/5.7.0/mockito-junit-jupiter-5.7.0.jar:/Users/gskotniczny/.m2/repository/org/skyscreamer/jsonassert/1.5.1/jsonassert-1.5.1.jar:/Users/gskotniczny/.m2/repository/com/vaadin/external/google/android-json/0.0.20131108.vaadin1/android-json-0.0.20131108.vaadin1.jar:/Users/gskotniczny/.m2/repository/org/springframework/spring-core/6.1.8/spring-core-6.1.8.jar:/Users/gskotniczny/.m2/repository/org/springframework/spring-jcl/6.1.8/spring-jcl-6.1.8.jar:/Users/gskotniczny/.m2/repository/org/springframework/spring-test/6.1.8/spring-test-6.1.8.jar:/Users/gskotniczny/.m2/repository/org/xmlunit/xmlunit-core/2.9.1/xmlunit-core-2.9.1.jar:/Users/gskotniczny/.m2/repository/org/testcontainers/junit-jupiter/1.19.8/junit-jupiter-1.19.8.jar:/Users/gskotniczny/.m2/repository/org/testcontainers/testcontainers/1.19.8/testcontainers-1.19.8.jar:/Users/gskotniczny/.m2/repository/junit/junit/4.13.2/junit-4.13.2.jar:/Users/gskotniczny/.m2/repository/org/hamcrest/hamcrest-core/2.2/hamcrest-core-2.2.jar:/Users/gskotniczny/.m2/repository/org/apache/commons/commons-compress/1.24.0/commons-compress-1.24.0.jar:/Users/gskotniczny/.m2/repository/org/rnorth/duct-tape/duct-tape/1.0.8/duct-tape-1.0.8.jar:/Users/gskotniczny/.m2/repository/org/jetbrains/annotations/17.0.0/annotations-17.0.0.jar:/Users/gskotniczny/.m2/repository/com/github/docker-java/docker-java-api/3.3.6/docker-java-api-3.3.6.jar:/Users/gskotniczny/.m2/repository/com/github/docker-java/docker-java-transport-zerodep/3.3.6/docker-java-transport-zerodep-3.3.6.jar:/Users/gskotniczny/.m2/repository/com/github/docker-java/docker-java-transport/3.3.6/docker-java-transport-3.3.6.jar:/Users/gskotniczny/.m2/repository/net/java/dev/jna/jna/5.13.0/jna-5.13.0.jar:/Users/gskotniczny/.m2/repository/jakarta/persistence/jakarta.persistence-api/3.1.0/jakarta.persistence-api-3.1.0.jar:/Users/gskotniczny/.m2/repository/org/springframework/security/spring-security-test/6.2.4/spring-security-test-6.2.4.jar:/Users/gskotniczny/.m2/repository/org/springframework/security/spring-security-core/6.2.4/spring-security-core-6.2.4.jar:/Users/gskotniczny/.m2/repository/org/springframework/security/spring-security-crypto/6.2.4/spring-security-crypto-6.2.4.jar:"/>
    <property name="sun.cpu.endian" value="little"/>
    <property name="user.home" value="/Users/gskotniczny"/>
    <property name="user.language" value="pl"/>
    <property name="java.specification.vendor" value="Oracle Corporation"/>
    <property name="java.version.date" value="2025-01-21"/>
    <property name="java.home" value="/opt/homebrew/Cellar/openjdk/23.0.2/libexec/openjdk.jdk/Contents/Home"/>
    <property name="file.separator" value="/"/>
    <property name="basedir" value="/private/var/www/SkoT/java/ordersystem"/>
    <property name="java.vm.compressedOopsMode" value="Zero based"/>
    <property name="line.separator" value="&#10;"/>
    <property name="java.vm.specification.vendor" value="Oracle Corporation"/>
    <property name="java.specification.name" value="Java Platform API Specification"/>
    <property name="FILE_LOG_CHARSET" value="UTF-8"/>
    <property name="java.awt.headless" value="true"/>
    <property name="apple.awt.application.name" value="ForkedBooter"/>
    <property name="surefire.real.class.path" value="/private/var/www/SkoT/java/ordersystem/target/surefire/surefirebooter-20250526125753436_3.jar"/>
    <property name="sun.management.compiler" value="HotSpot 64-Bit Tiered Compilers"/>
    <property name="ftp.nonProxyHosts" value="local|*.local|169.254/16|*.169.254/16"/>
    <property name="java.runtime.version" value="23.0.2"/>
    <property name="user.name" value="gskotniczny"/>
    <property name="stdout.encoding" value="UTF-8"/>
    <property name="path.separator" value=":"/>
    <property name="os.version" value="15.5"/>
    <property name="java.runtime.name" value="OpenJDK Runtime Environment"/>
    <property name="file.encoding" value="UTF-8"/>
    <property name="java.vm.name" value="OpenJDK 64-Bit Server VM"/>
    <property name="java.vendor.version" value="Homebrew"/>
    <property name="localRepository" value="/Users/gskotniczny/.m2/repository"/>
    <property name="java.vendor.url.bug" value="https://github.com/Homebrew/homebrew-core/issues"/>
    <property name="java.io.tmpdir" value="/var/folders/57/m_3cqtq94_54wdm6826h74vc0000gn/T/"/>
    <property name="com.zaxxer.hikari.pool_number" value="1"/>
    <property name="java.version" value="23.0.2"/>
    <property name="user.dir" value="/private/var/www/SkoT/java/ordersystem"/>
    <property name="os.arch" value="aarch64"/>
    <property name="java.vm.specification.name" value="Java Virtual Machine Specification"/>
    <property name="PID" value="64142"/>
    <property name="CONSOLE_LOG_CHARSET" value="UTF-8"/>
    <property name="native.encoding" value="UTF-8"/>
    <property name="java.library.path" value="/Users/gskotniczny/Library/Java/Extensions:/Library/Java/Extensions:/Network/Library/Java/Extensions:/System/Library/Java/Extensions:/usr/lib/java:."/>
    <property name="java.vm.info" value="mixed mode, sharing"/>
    <property name="stderr.encoding" value="UTF-8"/>
    <property name="java.vendor" value="Homebrew"/>
    <property name="java.vm.version" value="23.0.2"/>
    <property name="sun.io.unicode.encoding" value="UnicodeBig"/>
    <property name="socksNonProxyHosts" value="local|*.local|169.254/16|*.169.254/16"/>
    <property name="java.class.version" value="67.0"/>
  </properties>
  <testcase name="shouldCreateAndGetOrder" classname="pl.leroymerlin.ordersystem.web.OrderControllerTest" time="0.457">
    <system-out><![CDATA[Standard Commons Logging discovery in action with spring-jcl: please remove commons-logging.jar from classpath in order to avoid potential conflicts
12:57:53.908 [main] INFO org.springframework.test.context.support.AnnotationConfigContextLoaderUtils -- Could not detect default configuration classes for test class [pl.leroymerlin.ordersystem.web.OrderControllerTest]: OrderControllerTest does not declare any static, non-private, non-final, nested classes annotated with @Configuration.
12:57:53.974 [main] INFO org.springframework.boot.test.context.SpringBootTestContextBootstrapper -- Found @SpringBootConfiguration pl.leroymerlin.ordersystem.OrderSystemApplication for test class pl.leroymerlin.ordersystem.web.OrderControllerTest

  .   ____          _            __ _ _
 /\\ / ___'_ __ _ _(_)_ __  __ _ \ \ \ \
( ( )\___ | '_ | '_| | '_ \/ _` | \ \ \ \
 \\/  ___)| |_)| | | | | || (_| |  ) ) ) )
  '  |____| .__|_| |_|_| |_\__, | / / / /
 =========|_|==============|___/=/_/_/_/
 :: Spring Boot ::                (v3.2.6)

2025-05-26T12:57:54.159+02:00  INFO 64142 --- [           main] p.l.ordersystem.web.OrderControllerTest  : Starting OrderControllerTest using Java 23.0.2 with PID 64142 (started by gskotniczny in /private/var/www/SkoT/java/ordersystem)
2025-05-26T12:57:54.160+02:00  INFO 64142 --- [           main] p.l.ordersystem.web.OrderControllerTest  : No active profile set, falling back to 1 default profile: "default"
2025-05-26T12:57:54.499+02:00  INFO 64142 --- [           main] .s.d.r.c.RepositoryConfigurationDelegate : Bootstrapping Spring Data JPA repositories in DEFAULT mode.
2025-05-26T12:57:54.533+02:00  INFO 64142 --- [           main] .s.d.r.c.RepositoryConfigurationDelegate : Finished Spring Data repository scanning in 30 ms. Found 2 JPA repository interfaces.
2025-05-26T12:57:54.765+02:00  INFO 64142 --- [           main] o.hibernate.jpa.internal.util.LogHelper  : HHH000204: Processing PersistenceUnitInfo [name: default]
2025-05-26T12:57:54.790+02:00  INFO 64142 --- [           main] org.hibernate.Version                    : HHH000412: Hibernate ORM core version 6.4.8.Final
2025-05-26T12:57:54.806+02:00  INFO 64142 --- [           main] o.h.c.internal.RegionFactoryInitiator    : HHH000026: Second-level cache disabled
2025-05-26T12:57:54.921+02:00  INFO 64142 --- [           main] o.s.o.j.p.SpringPersistenceUnitInfo      : No LoadTimeWeaver setup: ignoring JPA class transformer
2025-05-26T12:57:54.933+02:00  INFO 64142 --- [           main] com.zaxxer.hikari.HikariDataSource       : HikariPool-1 - Starting...
2025-05-26T12:57:54.996+02:00  INFO 64142 --- [           main] com.zaxxer.hikari.pool.HikariPool        : HikariPool-1 - Added connection org.postgresql.jdbc.PgConnection@3e2d8623
2025-05-26T12:57:54.997+02:00  INFO 64142 --- [           main] com.zaxxer.hikari.HikariDataSource       : HikariPool-1 - Start completed.
2025-05-26T12:57:55.428+02:00  INFO 64142 --- [           main] o.h.e.t.j.p.i.JtaPlatformInitiator       : HHH000489: No JTA platform available (set 'hibernate.transaction.jta.platform' to enable JTA platform integration)
2025-05-26T12:57:55.495+02:00  INFO 64142 --- [           main] j.LocalContainerEntityManagerFactoryBean : Initialized JPA EntityManagerFactory for persistence unit 'default'
2025-05-26T12:57:55.736+02:00  WARN 64142 --- [           main] JpaBaseConfiguration$JpaWebConfiguration : spring.jpa.open-in-view is enabled by default. Therefore, database queries may be performed during view rendering. Explicitly configure spring.jpa.open-in-view to disable this warning
2025-05-26T12:57:55.991+02:00  WARN 64142 --- [           main] .s.s.UserDetailsServiceAutoConfiguration : 

Using generated security password: 4b0032a6-5103-4bc3-84d7-dfd18a7880d4

This generated password is for development use only. Your security configuration must be updated before running your application in production.

2025-05-26T12:57:56.069+02:00  INFO 64142 --- [           main] o.s.s.web.DefaultSecurityFilterChain     : Will secure any request with [org.springframework.security.web.session.DisableEncodeUrlFilter@37596b44, org.springframework.security.web.context.request.async.WebAsyncManagerIntegrationFilter@29ec5005, org.springframework.security.web.context.SecurityContextHolderFilter@33602729, org.springframework.security.web.header.HeaderWriterFilter@672c4e24, org.springframework.web.filter.CorsFilter@42ceb67f, org.springframework.security.web.csrf.CsrfFilter@9e2b199, org.springframework.security.web.authentication.logout.LogoutFilter@6dcb4f30, org.springframework.security.web.authentication.UsernamePasswordAuthenticationFilter@1142843c, org.springframework.security.web.authentication.ui.DefaultLoginPageGeneratingFilter@112f8f8f, org.springframework.security.web.authentication.ui.DefaultLogoutPageGeneratingFilter@52e44f71, org.springframework.security.web.authentication.www.BasicAuthenticationFilter@4d1a763c, org.springframework.security.web.savedrequest.RequestCacheAwareFilter@7bf3bf2e, org.springframework.security.web.servletapi.SecurityContextHolderAwareRequestFilter@581cb879, org.springframework.security.web.authentication.AnonymousAuthenticationFilter@2e1b1d22, org.springframework.security.web.access.ExceptionTranslationFilter@360ccb68, org.springframework.security.web.access.intercept.AuthorizationFilter@541c76fd]
2025-05-26T12:57:56.106+02:00  INFO 64142 --- [           main] o.s.b.t.m.w.SpringBootMockServletContext : Initializing Spring TestDispatcherServlet ''
2025-05-26T12:57:56.106+02:00  INFO 64142 --- [           main] o.s.t.web.servlet.TestDispatcherServlet  : Initializing Servlet ''
2025-05-26T12:57:56.106+02:00  INFO 64142 --- [           main] o.s.t.web.servlet.TestDispatcherServlet  : Completed initialization in 0 ms
2025-05-26T12:57:56.121+02:00  INFO 64142 --- [           main] p.l.ordersystem.web.OrderControllerTest  : Started OrderControllerTest in 2.09 seconds (process running for 2.638)
Hibernate: select count(*) from product p1_0
Hibernate: select o1_0.id,o1_0.created_at,o1_0.customer_id,o1_0.status,o1_0.updated_at,i1_0.order_id,i1_1.id,o2_0.id,o2_0.created_at,o2_0.customer_id,o2_0.status,o2_0.updated_at,i1_1.price,i1_1.product_id,i1_1.quantity from orders o1_0 left join orders_items i1_0 on o1_0.id=i1_0.order_id left join order_item i1_1 on i1_1.id=i1_0.items_id left join orders o2_0 on o2_0.id=i1_1.order_id where o1_0.id=?
Hibernate: insert into orders (created_at,customer_id,status,updated_at,id) values (?,?,?,?,?)
Hibernate: insert into order_item (order_id,price,product_id,quantity) values (?,?,?,?)
Hibernate: insert into orders_items (order_id,items_id) values (?,?)
Hibernate: select o1_0.id,o1_0.created_at,o1_0.customer_id,o1_0.status,o1_0.updated_at from orders o1_0 where o1_0.id=?
Hibernate: select i1_0.order_id,i1_1.id,o1_0.id,o1_0.created_at,o1_0.customer_id,o1_0.status,o1_0.updated_at,i1_1.price,i1_1.product_id,i1_1.quantity from orders_items i1_0 join order_item i1_1 on i1_1.id=i1_0.items_id left join orders o1_0 on o1_0.id=i1_1.order_id where i1_0.order_id=?
]]></system-out>
    <system-err><![CDATA[WARNING: A Java agent has been loaded dynamically (/Users/gskotniczny/.m2/repository/net/bytebuddy/byte-buddy-agent/1.14.16/byte-buddy-agent-1.14.16.jar)
WARNING: If a serviceability tool is in use, please run with -XX:+EnableDynamicAgentLoading to hide this warning
WARNING: If a serviceability tool is not in use, please run with -Djdk.instrument.traceUsage for more information
WARNING: Dynamic loading of agents will be disallowed by default in a future release
]]></system-err>
  </testcase>
  <testcase name="shouldReturnAllOrders" classname="pl.leroymerlin.ordersystem.web.OrderControllerTest" time="0.015">
    <system-out><![CDATA[Hibernate: select o1_0.id,o1_0.created_at,o1_0.customer_id,o1_0.status,o1_0.updated_at from orders o1_0
Hibernate: select i1_0.order_id,i1_1.id,o1_0.id,o1_0.created_at,o1_0.customer_id,o1_0.status,o1_0.updated_at,i1_1.price,i1_1.product_id,i1_1.quantity from orders_items i1_0 join order_item i1_1 on i1_1.id=i1_0.items_id left join orders o1_0 on o1_0.id=i1_1.order_id where i1_0.order_id=?
]]></system-out>
  </testcase>
</testsuite>